c:\users\parshant\documents\visual studio 2015\projects\imitation\imitation\debug\vc140.pdb
c:\users\parshant\documents\visual studio 2015\projects\imitation\imitation\debug\vc140.idb
c:\users\parshant\documents\visual studio 2015\projects\imitation\imitation\debug\action.obj
c:\users\parshant\documents\visual studio 2015\projects\imitation\imitation\debug\feedforward.obj
c:\users\parshant\documents\visual studio 2015\projects\imitation\imitation\debug\imitation.obj
c:\users\parshant\documents\visual studio 2015\projects\imitation\imitation\debug\internalmodel.obj
c:\users\parshant\documents\visual studio 2015\projects\imitation\imitation\debug\internalstate.obj
c:\users\parshant\documents\visual studio 2015\projects\imitation\imitation\debug\main.obj
c:\users\parshant\documents\visual studio 2015\projects\imitation\imitation\debug\neuralnetwork.obj
c:\users\parshant\documents\visual studio 2015\projects\imitation\imitation\debug\object.obj
c:\users\parshant\documents\visual studio 2015\projects\imitation\imitation\debug\observedmodel.obj
c:\users\parshant\documents\visual studio 2015\projects\imitation\imitation\debug\random.obj
c:\users\parshant\documents\visual studio 2015\projects\imitation\imitation\debug\relation.obj
c:\users\parshant\documents\visual studio 2015\projects\imitation\imitation\debug\state.obj
c:\users\parshant\documents\visual studio 2015\projects\imitation\debug\imitation.ilk
c:\users\parshant\documents\visual studio 2015\projects\imitation\debug\imitation.exe
c:\users\parshant\documents\visual studio 2015\projects\imitation\debug\imitation.pdb
c:\users\parshant\documents\visual studio 2015\projects\imitation\imitation\debug\imitation.tlog\cl.command.1.tlog
c:\users\parshant\documents\visual studio 2015\projects\imitation\imitation\debug\imitation.tlog\cl.read.1.tlog
c:\users\parshant\documents\visual studio 2015\projects\imitation\imitation\debug\imitation.tlog\cl.write.1.tlog
c:\users\parshant\documents\visual studio 2015\projects\imitation\imitation\debug\imitation.tlog\link.command.1.tlog
c:\users\parshant\documents\visual studio 2015\projects\imitation\imitation\debug\imitation.tlog\link.read.1.tlog
c:\users\parshant\documents\visual studio 2015\projects\imitation\imitation\debug\imitation.tlog\link.write.1.tlog
